<?xml version="1.0" encoding="UTF-8"?>
<!-- Generated by org.testng.reporters.JUnitReportReporter -->
<testsuite hostname="LAPTOP-NN832NBC" failures="0" tests="1" name="Testcases.LoginTest_1" time="5.825" errors="0" timestamp="2024-05-03T12:52:58 BST" skipped="0">
  <testcase classname="Testcases.LoginTest_1" name="loginTest" time="5.825"/>
</testsuite> <!-- Testcases.LoginTest_1 -->
