<?xml version="1.0" encoding="UTF-8"?>
<!-- Generated by org.testng.reporters.JUnitReportReporter -->
<testsuite hostname="LAPTOP-NN832NBC" failures="0" tests="1" name="Testcases.AddUserTest" time="11.534" errors="0" timestamp="2024-05-03T19:03:23 BST" skipped="0">
  <testcase classname="Testcases.AddUserTest" name="addusertest" time="11.534"/>
</testsuite> <!-- Testcases.AddUserTest -->
